<?xml version="1.0" encoding="UTF-8"?>
<testsuite xmlns:xsi="http://www.w3.org/2001/XMLSchema-instance" xsi:noNamespaceSchemaLocation="https://maven.apache.org/surefire/maven-surefire-plugin/xsd/surefire-test-report-3.0.xsd" version="3.0" name="com.snkit.demo.DemoApplicationTests" time="2.552" tests="1" errors="0" skipped="0" failures="0">
  <properties>
[...]
</properties>
  <testcase name="contextLoads" classname="com.snkit.demo.DemoApplicationTests" time="0.693">
    <system-out><![CDATA[17:04:25.706 [main] INFO org.springframework.test.context.support.AnnotationConfigContextLoaderUtils -- Could not detect default configuration classes for test class [com.snkit.demo.DemoApplicationTests]: DemoApplicationTests does not declare any static, non-private, non-final, nested classes annotated with @Configuration.
17:04:25.852 [main] INFO org.springframework.boot.test.context.SpringBootTestContextBootstrapper -- Found @SpringBootConfiguration com.snkit.demo.DemoApplication for test class com.snkit.demo.DemoApplicationTests

  .   ____          _            __ _ _
 /\\ / ___'_ __ _ _(_)_ __  __ _ \ \ \ \
( ( )\___ | '_ | '_| | '_ \/ _` | \ \ \ \
 \\/  ___)| |_)| | | | | || (_| |  ) ) ) )
  '  |____| .__|_| |_|_| |_\__, | / / / /
 =========|_|==============|___/=/_/_/_/

 :: Spring Boot ::                (v3.3.4)

2024-10-19T17:04:26.202+05:30  INFO 10844 --- [demo] [           main] com.snkit.demo.DemoApplicationTests      : Starting DemoApplicationTests using Java 17.0.12 with PID 10844 (started by gouni in C:\Users\gouni\IdeaProjects\demo)
2024-10-19T17:04:26.203+05:30  INFO 10844 --- [demo] [           main] com.snkit.demo.DemoApplicationTests      : No active profile set, falling back to 1 default profile: "default"
2024-10-19T17:04:27.363+05:30  INFO 10844 --- [demo] [           main] com.snkit.demo.DemoApplicationTests      : Started DemoApplicationTests in 1.365 seconds (process running for 2.331)
]]></system-out>
  </testcase>
</testsuite>